
OpenSBI v0.4 (Jul  2 2019 11:53:53)
   ____                    _____ ____ _____
  / __ \                  / ____|  _ \_   _|
 | |  | |_ __   ___ _ __ | (___ | |_) || |
 | |  | | '_ \ / _ \ '_ \ \___ \|  _ < | |
 | |__| | |_) |  __/ | | |____) | |_) || |_
  \____/| .__/ \___|_| |_|_____/|____/_____|
        | |
        |_|

Platform Name          : QEMU Virt Machine
Platform HART Features : RV64ACDFIMSU
Platform Max HARTs     : 8
Current Hart           : 0
Firmware Base          : 0x80000000
Firmware Size          : 112 KB
Runtime SBI Version    : 0.1

PMP0: 0x0000000080000000-0x000000008001ffff (A)
PMP1: 0x0000000000000000-0xffffffffffffffff (A,R,W,X)
(THU.CST) os is loading ...

Special kernel symbols:
  entry  0xc0200036 (virtual)
  etext  0xc0204f5e (virtual)
  edata  0xc020a060 (virtual)
  end    0xc0215600 (virtual)
Kernel executable memory footprint: 86KB
memory management: default_pmm_manager
physcial memory map:
  memory: 0x07e00000, [0x80200000, 0x87ffffff].
vapaofset is 18446744070488326144
check_alloc_page() succeeded!
check_pgdir() succeeded!
check_boot_pgdir() succeeded!
use SLOB allocator
kmalloc_init() succeeded!
check_vma_struct() succeeded!
Store/AMO page fault
page falut at 0x00000100: K/W
check_pgfault() succeeded!
check_vmm() succeeded.
alloc_proc() correct!
SWAP: manager = clock swap manager
BEGIN check_swap: count 1, total 31654
setup Page Table for vaddr 0X1000, so alloc a page
setup Page Table vaddr 0~4MB OVER!
set up init env for check_swap begin!
Store/AMO page fault
page falut at 0x00001000: K/W
Store/AMO page fault
page falut at 0x00002000: K/W
Store/AMO page fault
page falut at 0x00003000: K/W
Store/AMO page fault
page falut at 0x00004000: K/W
set up init env for check_swap over!
Store/AMO page fault
page falut at 0x00005000: K/W
curr_ptr 0xffffffffc0229a10
swap_out: i 0, store page in vaddr 0x1000 to disk swap entry 2
Load page fault
page falut at 0x00001000: K/R
curr_ptr 0xffffffffc0229a58
swap_out: i 0, store page in vaddr 0x2000 to disk swap entry 3
swap_in: load disk swap entry 2 with swap_page in vadr 0x1000
check_swap() succeeded!
++ setup timer interrupts
this initproc, pid = 1, name = "init"
To U: "Hello world!!".
To U: "en.., Bye, Bye. :)"
kernel panic at kern/process/proc.c:395:
    process exit!!.

Welcome to the kernel debug monitor!!
Type 'help' for a list of commands.
